<?xml version="1.0" encoding="UTF-8"?>
<!-- Generated by org.testng.reporters.JUnitReportReporter -->
<testsuite skipped="0" hostname="RDMV-PC" name="com.mindtree.sravan.HomePageTest" tests="7" failures="0" timestamp="25 Aug 2019 14:27:48 GMT" time="20.529" errors="0">
  <testcase name="setUp" time="9.677" classname="com.mindtree.sravan.HomePageTest"/>
  <testcase name="Login" time="5.320" classname="com.mindtree.sravan.HomePageTest"/>
  <testcase name="FFinder" time="1.331" classname="com.mindtree.sravan.HomePageTest"/>
  <testcase name="FConfirm" time="1.524" classname="com.mindtree.sravan.HomePageTest"/>
  <testcase name="BuyTickets" time="1.267" classname="com.mindtree.sravan.HomePageTest"/>
  <testcase name="TicketConfirm" time="0.301" classname="com.mindtree.sravan.HomePageTest"/>
  <testcase name="Logout" time="1.109" classname="com.mindtree.sravan.HomePageTest"/>
</testsuite> <!-- com.mindtree.sravan.HomePageTest -->
