<?xml version="1.0" encoding="UTF-8"?>
<!-- Generated by org.testng.reporters.JUnitReportReporter -->
<testsuite skipped="0" hostname="RDMV-PC" name="com.mindtree.sravan.TestCase1" tests="1" failures="0" timestamp="25 Aug 2019 15:25:27 GMT" time="6.579" errors="0">
  <testcase name="setUp" time="6.579" classname="com.mindtree.sravan.TestCase1"/>
</testsuite> <!-- com.mindtree.sravan.TestCase1 -->
